Base path: 'C:/Program Files/Unity/Editor/Standard Assets/2019.4.13f1/Editor/Data', plugins path 'C:/Program Files/Unity/Editor/Standard Assets/2019.4.13f1/Editor/Data/PlaybackEngines'
Cmd: initializeCompiler
Cmd: preprocessCompute
  insize=6371 outsize=6373 ok=1
Cmd: preprocessCompute
  insize=5813 outsize=5815 ok=1
Cmd: preprocess
  insize=22662 outsize=472 ok=1
Cmd: preprocessCompute
  insize=1965 outsize=1967 ok=1
Cmd: preprocessCompute
  insize=6337 outsize=6339 ok=1
Cmd: preprocessCompute
  insize=5813 outsize=5815 ok=1
Cmd: preprocess
  insize=22662 outsize=472 ok=1
Cmd: preprocessCompute
  insize=1965 outsize=1967 ok=1
Cmd: preprocessCompute
  insize=6371 outsize=6373 ok=1
Cmd: preprocessCompute
  insize=5813 outsize=5815 ok=1
Cmd: preprocess
  insize=22662 outsize=472 ok=1
Cmd: preprocessCompute
  insize=1965 outsize=1967 ok=1
Cmd: preprocessCompute
  insize=7061 outsize=7063 ok=1
Cmd: preprocessCompute
  insize=7347 outsize=7349 ok=1
Cmd: preprocess
  insize=22700 outsize=464 ok=1
Cmd: preprocessCompute
  insize=6387 outsize=6389 ok=1
Cmd: preprocessCompute
  insize=5787 outsize=5789 ok=1
Cmd: preprocess
  insize=21581 outsize=464 ok=1
Cmd: preprocessCompute
  insize=7061 outsize=7063 ok=1
Cmd: preprocessCompute
  insize=7347 outsize=7349 ok=1
Cmd: preprocess
  insize=22700 outsize=464 ok=1
Cmd: preprocessCompute
  insize=6387 outsize=6389 ok=1
Cmd: compileComputeKernel
  api=4 insize=6389 outsize=2218 ok=1
Cmd: preprocessCompute
  insize=6452 outsize=6454 ok=1
Cmd: compileComputeKernel
  api=4 insize=6454 outsize=1390 ok=1
Cmd: preprocess
  insize=21581 outsize=464 ok=1
Cmd: preprocessCompute
  insize=7061 outsize=7063 ok=1
Cmd: preprocessCompute
  insize=7347 outsize=7349 ok=1
Cmd: preprocess
  insize=22700 outsize=464 ok=1
Cmd: preprocessCompute
  insize=6387 outsize=6389 ok=1
Cmd: preprocessCompute
  insize=6505 outsize=6507 ok=1
Cmd: compileComputeKernel
  api=4 insize=6507 outsize=1390 ok=1
Cmd: preprocess
  insize=21581 outsize=464 ok=1
Cmd: preprocessCompute
  insize=7061 outsize=7063 ok=1
Cmd: preprocessCompute
  insize=7347 outsize=7349 ok=1
Cmd: preprocess
  insize=22700 outsize=464 ok=1
Cmd: preprocessCompute
  insize=6387 outsize=6389 ok=1
Cmd: preprocessCompute
  insize=6853 outsize=6855 ok=1
Cmd: compileComputeKernel
  api=4 insize=6855 outsize=1807 ok=1
Cmd: preprocess
  insize=21581 outsize=464 ok=1
Cmd: preprocessCompute
  insize=6437 outsize=6439 ok=1
Cmd: compileComputeKernel
  api=4 insize=6439 outsize=2596 ok=1
Cmd: preprocessCompute
  insize=5815 outsize=5817 ok=1
Cmd: compileComputeKernel
  api=4 insize=5817 outsize=1512 ok=1
Cmd: preprocess
  insize=20575 outsize=477 ok=1
Cmd: preprocessCompute
  insize=1966 outsize=1968 ok=1
Cmd: compileComputeKernel
  api=4 insize=1968 outsize=1398 ok=1
Cmd: preprocessCompute
  insize=7061 outsize=7063 ok=1
Cmd: preprocessCompute
  insize=7347 outsize=7349 ok=1
Cmd: preprocess
  insize=22700 outsize=464 ok=1
Cmd: preprocessCompute
  insize=6387 outsize=6389 ok=1
Cmd: preprocessCompute
  insize=6853 outsize=6855 ok=1
Cmd: preprocess
  insize=21581 outsize=464 ok=1
Cmd: preprocessCompute
  insize=6437 outsize=6439 ok=1
Cmd: preprocessCompute
  insize=5783 outsize=5785 ok=1
Cmd: preprocess
  insize=20494 outsize=464 ok=1
Cmd: preprocessCompute
  insize=7061 outsize=7063 ok=1
Cmd: preprocessCompute
  insize=7347 outsize=7349 ok=1
Cmd: preprocess
  insize=22700 outsize=464 ok=1
Cmd: preprocessCompute
  insize=6387 outsize=6389 ok=1
Cmd: preprocessCompute
  insize=6853 outsize=6855 ok=1
Cmd: preprocess
  insize=21581 outsize=464 ok=1
Cmd: preprocessCompute
  insize=6437 outsize=6439 ok=1
Cmd: preprocessCompute
  insize=5783 outsize=5785 ok=1
Cmd: preprocess
  insize=20494 outsize=464 ok=1
Cmd: preprocessCompute
  insize=7061 outsize=7063 ok=1
Cmd: preprocessCompute
  insize=7347 outsize=7349 ok=1
Cmd: preprocess
  insize=22700 outsize=464 ok=1
Cmd: preprocessCompute
  insize=6387 outsize=6389 ok=1
Cmd: preprocessCompute
  insize=6853 outsize=6855 ok=1
Cmd: preprocess
  insize=21581 outsize=464 ok=1
Cmd: preprocessCompute
  insize=6437 outsize=6439 ok=1
Cmd: preprocessCompute
  insize=5783 outsize=5785 ok=1
Cmd: preprocess
  insize=20494 outsize=464 ok=1
Cmd: preprocessCompute
  insize=7061 outsize=7063 ok=1
Cmd: preprocessCompute
  insize=7347 outsize=7349 ok=1
Cmd: preprocess
  insize=22700 outsize=464 ok=1
Cmd: preprocessCompute
  insize=6387 outsize=6389 ok=1
Cmd: preprocessCompute
  insize=6853 outsize=6855 ok=1
Cmd: preprocess
  insize=21581 outsize=464 ok=1
Cmd: preprocessCompute
  insize=6437 outsize=6439 ok=1
Cmd: preprocessCompute
  insize=5783 outsize=5785 ok=1
Cmd: preprocess
  insize=20494 outsize=464 ok=1
Cmd: preprocessCompute
  insize=7061 outsize=7063 ok=1
Cmd: preprocessCompute
  insize=7347 outsize=7349 ok=1
Cmd: preprocess
  insize=22700 outsize=464 ok=1
Cmd: preprocessCompute
  insize=6387 outsize=6389 ok=1
Cmd: preprocessCompute
  insize=6853 outsize=6855 ok=1
Cmd: preprocess
  insize=21581 outsize=464 ok=1
Cmd: preprocessCompute
  insize=6437 outsize=6439 ok=1
Cmd: preprocessCompute
  insize=5783 outsize=5785 ok=1
Cmd: preprocess
  insize=20494 outsize=464 ok=1
Cmd: preprocessCompute
  insize=7061 outsize=7063 ok=1
Cmd: preprocessCompute
  insize=7347 outsize=7349 ok=1
Cmd: preprocess
  insize=22700 outsize=464 ok=1
Cmd: preprocessCompute
  insize=6387 outsize=6389 ok=1
Cmd: preprocessCompute
  insize=6853 outsize=6855 ok=1
Cmd: preprocess
  insize=21581 outsize=464 ok=1
Cmd: preprocessCompute
  insize=6437 outsize=6439 ok=1
Cmd: preprocessCompute
  insize=5783 outsize=5785 ok=1
Cmd: preprocess
  insize=20494 outsize=464 ok=1
Cmd: preprocessCompute
  insize=7061 outsize=7063 ok=1
Cmd: preprocessCompute
  insize=7347 outsize=7349 ok=1
Cmd: preprocess
  insize=22700 outsize=464 ok=1
Cmd: preprocessCompute
  insize=6387 outsize=6389 ok=1
Cmd: preprocessCompute
  insize=6853 outsize=6855 ok=1
Cmd: preprocess
  insize=21581 outsize=464 ok=1
Cmd: preprocessCompute
  insize=6437 outsize=6439 ok=1
Cmd: preprocessCompute
  insize=5783 outsize=5785 ok=1
Cmd: preprocess
  insize=20494 outsize=464 ok=1
Cmd: preprocessCompute
  insize=7061 outsize=7063 ok=1
Cmd: preprocessCompute
  insize=7347 outsize=7349 ok=1
Cmd: preprocess
  insize=22700 outsize=464 ok=1
Cmd: preprocessCompute
  insize=6387 outsize=6389 ok=1
Cmd: preprocessCompute
  insize=6853 outsize=6855 ok=1
Cmd: preprocess
  insize=21581 outsize=464 ok=1
Cmd: preprocessCompute
  insize=6437 outsize=6439 ok=1
Cmd: preprocessCompute
  insize=5783 outsize=5785 ok=1
Cmd: preprocess
  insize=20494 outsize=464 ok=1
Cmd: preprocessCompute
  insize=7061 outsize=7063 ok=1
Cmd: preprocessCompute
  insize=7347 outsize=7349 ok=1
Cmd: preprocess
  insize=22700 outsize=464 ok=1
Cmd: preprocessCompute
  insize=6387 outsize=6389 ok=1
Cmd: preprocessCompute
  insize=6853 outsize=6855 ok=1
Cmd: preprocess
  insize=21581 outsize=464 ok=1
Cmd: preprocessCompute
  insize=6437 outsize=6439 ok=1
Cmd: preprocessCompute
  insize=5783 outsize=5785 ok=1
Cmd: preprocess
  insize=20494 outsize=464 ok=1
Cmd: preprocessCompute
  insize=7061 outsize=7063 ok=1
Cmd: preprocessCompute
  insize=7347 outsize=7349 ok=1
Cmd: preprocess
  insize=22700 outsize=464 ok=1
Cmd: preprocessCompute
  insize=6387 outsize=6389 ok=1
Cmd: preprocessCompute
  insize=6853 outsize=6855 ok=1
Cmd: preprocess
  insize=21581 outsize=464 ok=1
Cmd: preprocessCompute
  insize=6437 outsize=6439 ok=1
Cmd: preprocessCompute
  insize=5783 outsize=5785 ok=1
Cmd: preprocess
  insize=20494 outsize=464 ok=1
Cmd: preprocessCompute
  insize=7061 outsize=7063 ok=1
Cmd: preprocessCompute
  insize=7347 outsize=7349 ok=1
Cmd: preprocess
  insize=22700 outsize=464 ok=1
Cmd: preprocessCompute
  insize=6387 outsize=6389 ok=1
Cmd: preprocessCompute
  insize=6853 outsize=6855 ok=1
Cmd: preprocess
  insize=21581 outsize=464 ok=1
Cmd: preprocessCompute
  insize=6437 outsize=6439 ok=1
Cmd: preprocessCompute
  insize=5783 outsize=5785 ok=1
Cmd: preprocess
  insize=20494 outsize=464 ok=1
Cmd: preprocessCompute
  insize=7061 outsize=7063 ok=1
Cmd: preprocessCompute
  insize=7347 outsize=7349 ok=1
Cmd: preprocess
  insize=22700 outsize=464 ok=1
Cmd: preprocessCompute
  insize=6387 outsize=6389 ok=1
Cmd: preprocessCompute
  insize=6452 outsize=6454 ok=1
Cmd: preprocess
  insize=21581 outsize=464 ok=1
Cmd: preprocessCompute
  insize=6893 outsize=6895 ok=1
Cmd: compileComputeKernel
  api=4 insize=6895 outsize=2568 ok=1
Cmd: preprocessCompute
  insize=5783 outsize=5785 ok=1
Cmd: preprocess
  insize=20494 outsize=464 ok=1
Cmd: preprocessCompute
  insize=7061 outsize=7063 ok=1
Cmd: preprocessCompute
  insize=7347 outsize=7349 ok=1
Cmd: preprocess
  insize=22700 outsize=464 ok=1
Cmd: preprocessCompute
  insize=6387 outsize=6389 ok=1
Cmd: preprocessCompute
  insize=6853 outsize=6855 ok=1
Cmd: preprocess
  insize=21581 outsize=464 ok=1
Cmd: preprocessCompute
  insize=6437 outsize=6439 ok=1
Cmd: preprocessCompute
  insize=5783 outsize=5785 ok=1
Cmd: preprocess
  insize=20494 outsize=464 ok=1
Cmd: preprocessCompute
  insize=7061 outsize=7063 ok=1
Cmd: preprocessCompute
  insize=7347 outsize=7349 ok=1
Cmd: preprocess
  insize=22700 outsize=464 ok=1
Cmd: preprocessCompute
  insize=6387 outsize=6389 ok=1
Cmd: preprocessCompute
  insize=6853 outsize=6855 ok=1
Cmd: preprocess
  insize=21581 outsize=464 ok=1
Cmd: preprocessCompute
  insize=6437 outsize=6439 ok=1
Cmd: preprocessCompute
  insize=5783 outsize=5785 ok=1
Cmd: preprocess
  insize=20494 outsize=464 ok=1
Cmd: preprocessCompute
  insize=7061 outsize=7063 ok=1
Cmd: preprocessCompute
  insize=7347 outsize=7349 ok=1
Cmd: preprocess
  insize=22700 outsize=464 ok=1
Cmd: preprocessCompute
  insize=6387 outsize=6389 ok=1
Cmd: preprocessCompute
  insize=6853 outsize=6855 ok=1
Cmd: preprocess
  insize=21581 outsize=464 ok=1
Cmd: preprocessCompute
  insize=6437 outsize=6439 ok=1
Cmd: preprocessCompute
  insize=5783 outsize=5785 ok=1
Cmd: preprocess
  insize=20494 outsize=464 ok=1
Cmd: preprocessCompute
  insize=7061 outsize=7063 ok=1
Cmd: preprocessCompute
  insize=7347 outsize=7349 ok=1
Cmd: preprocess
  insize=22700 outsize=464 ok=1
Cmd: preprocessCompute
  insize=6387 outsize=6389 ok=1
Cmd: preprocessCompute
  insize=6853 outsize=6855 ok=1
Cmd: preprocess
  insize=21581 outsize=464 ok=1
Cmd: preprocessCompute
  insize=6437 outsize=6439 ok=1
Cmd: preprocessCompute
  insize=5783 outsize=5785 ok=1
Cmd: preprocess
  insize=20494 outsize=464 ok=1
Cmd: preprocessCompute
  insize=7061 outsize=7063 ok=1
Cmd: preprocessCompute
  insize=7347 outsize=7349 ok=1
Cmd: preprocess
  insize=22700 outsize=464 ok=1
Cmd: preprocessCompute
  insize=6387 outsize=6389 ok=1
Cmd: preprocessCompute
  insize=6853 outsize=6855 ok=1
Cmd: preprocess
  insize=21581 outsize=464 ok=1
Cmd: preprocessCompute
  insize=6437 outsize=6439 ok=1
Cmd: preprocessCompute
  insize=5783 outsize=5785 ok=1
Cmd: preprocess
  insize=20494 outsize=464 ok=1
Cmd: preprocessCompute
  insize=7061 outsize=7063 ok=1
Cmd: preprocessCompute
  insize=7347 outsize=7349 ok=1
Cmd: preprocess
  insize=22700 outsize=464 ok=1
Cmd: preprocessCompute
  insize=6387 outsize=6389 ok=1
Cmd: preprocessCompute
  insize=6853 outsize=6855 ok=1
Cmd: preprocess
  insize=21581 outsize=464 ok=1
Cmd: preprocessCompute
  insize=6437 outsize=6439 ok=1
Cmd: preprocessCompute
  insize=5783 outsize=5785 ok=1
Cmd: preprocess
  insize=20494 outsize=464 ok=1
Cmd: preprocessCompute
  insize=7061 outsize=7063 ok=1
Cmd: preprocessCompute
  insize=7347 outsize=7349 ok=1
Cmd: preprocess
  insize=22700 outsize=464 ok=1
Cmd: preprocessCompute
  insize=6387 outsize=6389 ok=1
Cmd: preprocessCompute
  insize=6853 outsize=6855 ok=1
Cmd: preprocess
  insize=21581 outsize=464 ok=1
Cmd: preprocessCompute
  insize=6437 outsize=6439 ok=1
Cmd: preprocessCompute
  insize=5783 outsize=5785 ok=1
Cmd: preprocess
  insize=20494 outsize=464 ok=1
Cmd: preprocessCompute
  insize=7061 outsize=7063 ok=1
Cmd: preprocessCompute
  insize=7347 outsize=7349 ok=1
Cmd: preprocess
  insize=22700 outsize=464 ok=1
Cmd: preprocessCompute
  insize=6387 outsize=6389 ok=1
Cmd: preprocessCompute
  insize=6853 outsize=6855 ok=1
Cmd: preprocess
  insize=21581 outsize=464 ok=1
Cmd: preprocessCompute
  insize=6438 outsize=6440 ok=1
Cmd: preprocessCompute
  insize=5787 outsize=5789 ok=1
Cmd: preprocess
  insize=21581 outsize=464 ok=1
Cmd: preprocessCompute
  insize=7061 outsize=7063 ok=1
Cmd: preprocessCompute
  insize=7347 outsize=7349 ok=1
Cmd: preprocess
  insize=22700 outsize=464 ok=1
Cmd: preprocessCompute
  insize=6387 outsize=6389 ok=1
Cmd: preprocessCompute
  insize=6853 outsize=6855 ok=1
Cmd: preprocess
  insize=21581 outsize=464 ok=1
Cmd: preprocessCompute
  insize=6438 outsize=6440 ok=1
Cmd: preprocessCompute
  insize=5787 outsize=5789 ok=1
Cmd: preprocess
  insize=22172 outsize=464 ok=1
Cmd: preprocessCompute
  insize=7061 outsize=7063 ok=1
Cmd: preprocessCompute
  insize=7347 outsize=7349 ok=1
Cmd: preprocess
  insize=22700 outsize=464 ok=1
Cmd: preprocessCompute
  insize=6387 outsize=6389 ok=1
Cmd: preprocessCompute
  insize=6853 outsize=6855 ok=1
Cmd: preprocess
  insize=22172 outsize=464 ok=1
Cmd: preprocessCompute
  insize=6438 outsize=6440 ok=1
Cmd: preprocessCompute
  insize=5787 outsize=5789 ok=1
Cmd: preprocess
  insize=22172 outsize=464 ok=1
Cmd: preprocessCompute
  insize=7069 outsize=7071 ok=1
Cmd: preprocessCompute
  insize=7347 outsize=7349 ok=1
Cmd: preprocess
  insize=22700 outsize=464 ok=1
Cmd: preprocessCompute
  insize=6387 outsize=6389 ok=1
Cmd: preprocessCompute
  insize=6853 outsize=6855 ok=1
Cmd: preprocess
  insize=22172 outsize=464 ok=1
Cmd: preprocessCompute
  insize=6438 outsize=6440 ok=1
Cmd: preprocessCompute
  insize=5787 outsize=5789 ok=1
Cmd: preprocess
  insize=22172 outsize=464 ok=1
Cmd: preprocessCompute
  insize=7069 outsize=7071 ok=1
Cmd: preprocessCompute
  insize=7347 outsize=7349 ok=1
Cmd: preprocess
  insize=22700 outsize=464 ok=1
Cmd: preprocessCompute
  insize=6387 outsize=6389 ok=1
Cmd: preprocessCompute
  insize=6853 outsize=6855 ok=1
Cmd: preprocess
  insize=22172 outsize=464 ok=1
Cmd: preprocessCompute
  insize=6438 outsize=6440 ok=1
Cmd: preprocessCompute
  insize=5787 outsize=5789 ok=1
Cmd: preprocess
  insize=22172 outsize=464 ok=1
